<?xml version="1.0" ?>
<testsuite name="TestHello-20250422215403" tests="2" time="0.027" failures="0" errors="0">
	<testcase classname="TestHello" name="test_hello" time="0.026"/>
	<testcase classname="TestHello" name="test_name" time="0.000"/>
	<system-out><![CDATA[]]></system-out>
	<system-err><![CDATA[]]></system-err>
</testsuite>
